[11:46:49] [Paper Plugin Remapper Thread - 2/INFO]: [PluginRemapper] Remapping plugin 'plugins/Back.jar'...
[11:46:50] [Paper Plugin Remapper Thread - 2/INFO]: [PluginRemapper] Done remapping plugin 'plugins/Back.jar' in 383ms.
[11:46:52] [ServerMain/INFO]: Environment: Environment[sessionHost=https://sessionserver.mojang.com, servicesHost=https://api.minecraftservices.com, name=PROD]
[11:46:52] [ServerMain/INFO]: Found new data pack file/bukkit, loading it automatically
[11:46:52] [ServerMain/INFO]: Found new data pack paper, loading it automatically
[11:46:53] [ServerMain/INFO]: No existing world data, creating new world
[11:46:53] [ServerMain/INFO]: Loaded 1175 recipes
[11:46:53] [ServerMain/INFO]: Loaded 1276 advancements
[11:46:54] [Server thread/INFO]: Starting minecraft server version 1.20.6
[11:46:54] [Server thread/INFO]: Loading properties
[11:46:54] [Server thread/INFO]: This server is running Paper version 1.20.6-97-master@377733d (2024-05-24T18:01:13Z) (Implementing API version 1.20.6-R0.1-SNAPSHOT)
[11:46:54] [Server thread/INFO]: Server Ping Player Sample Count: 12
[11:46:54] [Server thread/INFO]: Using 4 threads for Netty based IO
[11:46:55] [Server thread/WARN]: [!] The timings profiler has been enabled but has been scheduled for removal from Paper in the future.
    We recommend installing the spark profiler as a replacement: https://spark.lucko.me/
    For more information please visit: https://github.com/PaperMC/Paper/issues/8948
[11:46:55] [Server thread/INFO]: [ChunkTaskScheduler] Chunk system is using 1 I/O threads, 3 worker threads, and gen parallelism of 3 threads
[11:46:55] [Server thread/INFO]: Default game type: SURVIVAL
[11:46:55] [Server thread/INFO]: Generating keypair
[11:46:55] [Server thread/INFO]: Starting Minecraft server on *:25565
[11:46:55] [Server thread/INFO]: Using epoll channel type
[11:46:55] [Server thread/INFO]: Paper: Using libdeflate (Linux x86_64) compression from Velocity.
[11:46:55] [Server thread/INFO]: Paper: Using OpenSSL 3.0.x (Linux x86_64) cipher from Velocity.
[11:46:55] [Server thread/INFO]: [Back] Loading server plugin Back v1.5
[11:46:55] [Server thread/INFO]: Server permissions file permissions.yml is empty, ignoring it
[11:46:55] [Server thread/WARN]: **** SERVER IS RUNNING IN OFFLINE/INSECURE MODE!
[11:46:55] [Server thread/WARN]: The server will make no attempt to authenticate usernames. Beware.
[11:46:55] [Server thread/WARN]: While this makes the game possible to play without internet access, it also opens up the ability for hackers to connect with any username they choose.
[11:46:55] [Server thread/WARN]: To change this, set "online-mode" to "true" in the server.properties file.
[11:46:55] [Server thread/INFO]: Preparing level "world"
[11:46:58] [Server thread/INFO]: Preparing start region for dimension minecraft:overworld
[11:47:00] [Server thread/INFO]: Time elapsed: 1873 ms
[11:47:00] [Server thread/INFO]: Preparing start region for dimension minecraft:the_nether
[11:47:01] [Server thread/INFO]: Time elapsed: 790 ms
[11:47:01] [Server thread/INFO]: Preparing start region for dimension minecraft:the_end
[11:47:01] [Server thread/INFO]: Time elapsed: 162 ms
[11:47:01] [Server thread/INFO]: [Back] Enabling Back v1.5
[11:47:01] [Server thread/INFO]: The death_locations.yml file has been created
[11:47:01] [Server thread/INFO]: The death_locations.yml file has been saved
[11:47:01] [Server thread/INFO]: ----------------------------
[11:47:01] [Server thread/INFO]: Back Plugin Enabled!
[11:47:01] [Server thread/INFO]: Plugin developed by GFelberg
[11:47:01] [Server thread/INFO]: ----------------------------
[11:47:01] [Server thread/INFO]: Running delayed init tasks
[11:47:01] [Server thread/INFO]: Done (7.634s)! For help, type "help"
[11:47:01] [Server thread/INFO]: Timings Reset
[11:47:01] [Craft Scheduler Thread - 3 - Back/INFO]: [Back] No update available.
[11:47:13] [User Authenticator #0/INFO]: UUID of player iJustGhost is ed75c339-fab8-3531-b7d9-bca7e9226944
[11:47:13] [Server thread/INFO]: iJustGhost joined the game
[11:47:13] [Server thread/INFO]: iJustGhost[/127.0.0.1:33674] logged in with entity id 85 at ([world]-4.5, 66.0, -0.5)
[11:47:24] [Server thread/INFO]: iJustGhost issued server command: /gamemode creative
[11:47:24] [Server thread/INFO]: [iJustGhost: Set own game mode to Creative Mode]
[11:53:40] [Server thread/INFO]: iJustGhost lost connection: Disconnected
[11:53:40] [Server thread/INFO]: iJustGhost left the game
[11:54:11] [User Authenticator #1/INFO]: UUID of player iJustGhost is ed75c339-fab8-3531-b7d9-bca7e9226944
[11:54:12] [Server thread/INFO]: iJustGhost joined the game
[11:54:12] [Server thread/INFO]: iJustGhost[/127.0.0.1:57940] logged in with entity id 1683 at ([world]41.747505856627065, 71.0, -40.936877363128325)
[11:54:25] [Server thread/INFO]: iJustGhost issued server command: /kill
[11:54:25] [Server thread/INFO]: The death_locations.yml file has been saved
[11:54:25] [Server thread/INFO]: iJustGhost was killed
[11:54:25] [Server thread/INFO]: [iJustGhost: Killed iJustGhost]
[11:54:35] [Server thread/INFO]: iJustGhost issued server command: /back
[11:54:35] [Server thread/INFO]: The death_locations.yml file has been saved
[11:54:35] [Server thread/WARN]: iJustGhost moved too quickly! 41.26268109653536,-1.2499891839129447,-72.91382813121274
[11:54:35] [Server thread/WARN]: iJustGhost moved too quickly! 41.26268109653536,-1.2499891839129447,-72.91382813121274
[11:54:35] [Server thread/WARN]: iJustGhost moved too quickly! 41.26268109653536,-1.2499891839129447,-72.91382813121274
[11:55:13] [Server thread/INFO]: iJustGhost issued server command: /back
[11:55:21] [Server thread/INFO]: iJustGhost lost connection: Disconnected
[11:55:22] [Server thread/INFO]: iJustGhost left the game
[11:57:04] [Server thread/INFO]: Stopping server
[11:57:04] [Server thread/INFO]: [Back] Disabling Back v1.5
[11:57:04] [Server thread/INFO]: ----------------------------
[11:57:04] [Server thread/INFO]: Back Plugin Disabled!
[11:57:04] [Server thread/INFO]: Plugin developed by GFelberg
[11:57:04] [Server thread/INFO]: ----------------------------
[11:57:04] [Server thread/INFO]: Saving players
[11:57:04] [Server thread/INFO]: Saving worlds
[11:57:04] [Server thread/INFO]: Saving chunks for level 'ServerLevel[world]'/minecraft:overworld
[11:57:04] [Server thread/INFO]: [ChunkHolderManager] Waiting 60s for chunk system to halt for world 'world'
[11:57:04] [Server thread/INFO]: [ChunkHolderManager] Halted chunk system for world 'world'
[11:57:04] [Server thread/INFO]: [ChunkHolderManager] Saving all chunkholders for world 'world'
[11:57:04] [Server thread/INFO]: [ChunkHolderManager] Saved 109 block chunks, 177 entity chunks, 1 poi chunks in world 'world' in 0.13s
[11:57:04] [Server thread/INFO]: ThreadedAnvilChunkStorage (world): All chunks are saved
[11:57:04] [Server thread/INFO]: Saving chunks for level 'ServerLevel[world_nether]'/minecraft:the_nether
[11:57:04] [Server thread/INFO]: [ChunkHolderManager] Waiting 60s for chunk system to halt for world 'world_nether'
[11:57:04] [Server thread/INFO]: [ChunkHolderManager] Halted chunk system for world 'world_nether'
[11:57:04] [Server thread/INFO]: [ChunkHolderManager] Saving all chunkholders for world 'world_nether'
[11:57:05] [Server thread/INFO]: [ChunkHolderManager] Saved 792 block chunks, 6 entity chunks, 0 poi chunks in world 'world_nether' in 0.09s
[11:57:05] [Server thread/INFO]: ThreadedAnvilChunkStorage (DIM-1): All chunks are saved
[11:57:05] [Server thread/INFO]: Saving chunks for level 'ServerLevel[world_the_end]'/minecraft:the_end
[11:57:05] [Server thread/INFO]: [ChunkHolderManager] Waiting 60s for chunk system to halt for world 'world_the_end'
[11:57:05] [Server thread/INFO]: [ChunkHolderManager] Halted chunk system for world 'world_the_end'
[11:57:05] [Server thread/INFO]: [ChunkHolderManager] Saving all chunkholders for world 'world_the_end'
[11:57:05] [Server thread/INFO]: [ChunkHolderManager] Saved 792 block chunks, 10 entity chunks, 0 poi chunks in world 'world_the_end' in 0.07s
[11:57:05] [Server thread/INFO]: ThreadedAnvilChunkStorage (DIM1): All chunks are saved
[11:57:05] [Server thread/INFO]: ThreadedAnvilChunkStorage: All dimensions are saved
[11:57:05] [Server thread/INFO]: Flushing Chunk IO
[11:57:05] [Server thread/INFO]: Closing Thread Pool
[11:57:05] [Server thread/INFO]: Closing Server
